Using pre-set license
Built from '2020.3/staging' branch; Version is '2020.3.18f1 (a7d1c678663c) revision 10998214'; Using compiler version '192528614'; Build Type 'Release'
OS: 'Windows 10 Education; OS build 19043.1586; Version 2009; 64bit' Language: 'pt' Physical Memory: 15272 MB
BatchMode: 1, IsHumanControllingUs: 0, StartBugReporterOnCrash: 0, Is64bit: 1, IsPro: 0

COMMAND LINE ARGUMENTS:
C:\Program Files\Unity\Hub\Editor\2020.3.18f1\Editor\Unity.exe
-adb2
-batchMode
-noUpm
-name
AssetImportWorker0
-projectPath
C:/Users/00105244/Dropbox/My PC (CIDLAB3M8)/Desktop/Aula3D01/LICENSE/Aula3D01
-logFile
Logs/AssetImportWorker0.log
-srvPort
52252
Successfully changed project path to: C:/Users/00105244/Dropbox/My PC (CIDLAB3M8)/Desktop/Aula3D01/LICENSE/Aula3D01
C:/Users/00105244/Dropbox/My PC (CIDLAB3M8)/Desktop/Aula3D01/LICENSE/Aula3D01
Using Asset Import Pipeline V2.
Refreshing native plugins compatible for Editor in 46.91 ms, found 2 plugins.
Preloading 0 native plugins for Editor in 0.00 ms.
Initialize engine version: 2020.3.18f1 (a7d1c678663c)
[Subsystems] Discovering subsystems at path C:/Program Files/Unity/Hub/Editor/2020.3.18f1/Editor/Data/Resources/UnitySubsystems
[Subsystems] Discovering subsystems at path C:/Users/00105244/Dropbox/My PC (CIDLAB3M8)/Desktop/Aula3D01/LICENSE/Aula3D01/Assets
GfxDevice: creating device client; threaded=0
Direct3D:
    Version:  Direct3D 11.0 [level 11.1]
    Renderer: Radeon RX 550 (ID=0x699f)
    Vendor:   
    VRAM:     4076 MB
    Driver:   27.20.1016.1
Initialize mono
Mono path[0] = 'C:/Program Files/Unity/Hub/Editor/2020.3.18f1/Editor/Data/Managed'
Mono path[1] = 'C:/Program Files/Unity/Hub/Editor/2020.3.18f1/Editor/Data/MonoBleedingEdge/lib/mono/unityjit'
Mono config path = 'C:/Program Files/Unity/Hub/Editor/2020.3.18f1/Editor/Data/MonoBleedingEdge/etc'
Using monoOptions --debugger-agent=transport=dt_socket,embedding=1,server=y,suspend=n,address=127.0.0.1:56092
Begin MonoManager ReloadAssembly
Registering precompiled unity dll's ...
Register platform support module: C:/Program Files/Unity/Hub/Editor/2020.3.18f1/Editor/Data/PlaybackEngines/WindowsStandaloneSupport/UnityEditor.WindowsStandalone.Extensions.dll
Registered in 0.001925 seconds.
Native extension for WindowsStandalone target not found
Refreshing native plugins compatible for Editor in 51.00 ms, found 2 plugins.
Preloading 0 native plugins for Editor in 0.00 ms.
Mono: successfully reloaded assembly
- Completed reload, in  2.216 seconds
Domain Reload Profiling:
	ReloadAssembly (2217ms)
		BeginReloadAssembly (72ms)
			ExecutionOrderSort (0ms)
			DisableScriptedObjects (0ms)
			BackupInstance (0ms)
			ReleaseScriptingObjects (0ms)
			CreateAndSetChildDomain (1ms)
		EndReloadAssembly (565ms)
			LoadAssemblies (69ms)
			RebuildTransferFunctionScriptingTraits (0ms)
			SetupTypeCache (207ms)
			ReleaseScriptCaches (0ms)
			RebuildScriptCaches (36ms)
			SetupLoadedEditorAssemblies (234ms)
				LogAssemblyErrors (0ms)
				InitializePlatformSupportModulesInManaged (5ms)
				SetLoadedEditorAssemblies (0ms)
				RefreshPlugins (51ms)
				BeforeProcessingInitializeOnLoad (25ms)
				ProcessInitializeOnLoadAttributes (115ms)
				ProcessInitializeOnLoadMethodAttributes (37ms)
				AfterProcessingInitializeOnLoad (0ms)
				EditorAssembliesLoaded (0ms)
			ExecutionOrderSort2 (0ms)
			AwakeInstancesAfterBackupRestoration (0ms)
Platform modules already initialized, skipping
Registering precompiled user dll's ...
Registered in 0.003976 seconds.
Begin MonoManager ReloadAssembly
Native extension for WindowsStandalone target not found
Refreshing native plugins compatible for Editor in 0.45 ms, found 2 plugins.
Preloading 0 native plugins for Editor in 0.00 ms.
Mono: successfully reloaded assembly
- Completed reload, in  1.359 seconds
Domain Reload Profiling:
	ReloadAssembly (1360ms)
		BeginReloadAssembly (204ms)
			ExecutionOrderSort (0ms)
			DisableScriptedObjects (6ms)
			BackupInstance (0ms)
			ReleaseScriptingObjects (0ms)
			CreateAndSetChildDomain (25ms)
		EndReloadAssembly (1066ms)
			LoadAssemblies (118ms)
			RebuildTransferFunctionScriptingTraits (0ms)
			SetupTypeCache (369ms)
			ReleaseScriptCaches (0ms)
			RebuildScriptCaches (55ms)
			SetupLoadedEditorAssemblies (395ms)
				LogAssemblyErrors (0ms)
				InitializePlatformSupportModulesInManaged (6ms)
				SetLoadedEditorAssemblies (1ms)
				RefreshPlugins (1ms)
				BeforeProcessingInitializeOnLoad (100ms)
				ProcessInitializeOnLoadAttributes (274ms)
				ProcessInitializeOnLoadMethodAttributes (7ms)
				AfterProcessingInitializeOnLoad (7ms)
				EditorAssembliesLoaded (0ms)
			ExecutionOrderSort2 (0ms)
			AwakeInstancesAfterBackupRestoration (9ms)
Platform modules already initialized, skipping
========================================================================
Worker process is ready to serve import requests
Launched and connected shader compiler UnityShaderCompiler.exe after 0.07 seconds
Refreshing native plugins compatible for Editor in 0.43 ms, found 2 plugins.
Preloading 0 native plugins for Editor in 0.00 ms.
Unloading 1523 Unused Serialized files (Serialized files now loaded: 0)
System memory in use before: 96.9 MB.
System memory in use after: 96.5 MB.

Unloading 18 unused Assets to reduce memory usage. Loaded Objects now: 1992.
Total: 4.071500 ms (FindLiveObjects: 0.206300 ms CreateObjectMapping: 0.046000 ms MarkObjects: 3.353900 ms  DeleteObjects: 0.463500 ms)

AssetImportParameters requested are different than current active one (requested -> active):
  custom:framework-win-MediaFoundation: 216162199b28c13a410421893ffa2e32 -> 
  custom:video-decoder-ogg-theora: a1e56fd34408186e4bbccfd4996cb3dc -> 
  custom:container-muxer-webm: aa71ff27fc2769a1b78a27578f13a17b -> 
  custom:container-demuxer-webm: 4f35f7cbe854078d1ac9338744f61a02 -> 
  custom:container-demuxer-ogg: 62fdf1f143b41e24485cea50d1cbac27 -> 
  custom:video-encoder-webm-vp8: eb34c28f22e8b96e1ab97ce403110664 -> 
  custom:video-decoder-webm-vp8: 9c59270c3fd7afecdb556c50c9e8de78 -> 
  custom:audio-decoder-ogg-vorbis: bf7c407c2cedff20999df2af8eb42d56 -> 
  custom:audio-encoder-webm-vorbis: bf7c407c2cedff20999df2af8eb42d56 -> 
========================================================================
Received Import Request.
  path: Assets/Terrain Assets/NewLayer.terrainlayer
  artifactKey: Guid(844e946e30f7751438025de43e4a6496) Importer(815301076,1909f56bfc062723c751e8b465ee728b)
Start importing Assets/Terrain Assets/NewLayer.terrainlayer using Guid(844e946e30f7751438025de43e4a6496) Importer(815301076,1909f56bfc062723c751e8b465ee728b)  -> (artifact id: '2e3be19b3136afd383d3f4908f20c87a') in 0.099336 seconds 
  Import took 0.103215 seconds .

========================================================================
Received Import Request.
  Time since last request: 0.000249 seconds.
  path: Assets/Scenes/Input.unity
  artifactKey: Guid(9fc0d4010bbf28b4594072e72b8655ab) Importer(815301076,1909f56bfc062723c751e8b465ee728b)
Start importing Assets/Scenes/Input.unity using Guid(9fc0d4010bbf28b4594072e72b8655ab) Importer(815301076,1909f56bfc062723c751e8b465ee728b)  -> (artifact id: '4cfe68619f1cb6b5919758ac5957a56e') in 0.010183 seconds 
  Import took 0.012965 seconds .

========================================================================
Received Import Request.
  Time since last request: 279.721497 seconds.
  path: Assets/Scenes/NewBrush.brush
  artifactKey: Guid(8452608e1362d1547b81d6c9cd72391e) Importer(815301076,1909f56bfc062723c751e8b465ee728b)
Start importing Assets/Scenes/NewBrush.brush using Guid(8452608e1362d1547b81d6c9cd72391e) Importer(815301076,1909f56bfc062723c751e8b465ee728b)  -> (artifact id: 'b8ef9378dc7ee674157dd7b1e6fedef5') in 0.068838 seconds 
  Import took 0.072186 seconds .

========================================================================
Received Import Request.
  Time since last request: 0.002551 seconds.
  path: Assets/Scenes/NewBrush.brush
  artifactKey: Guid(8452608e1362d1547b81d6c9cd72391e) Importer(815301076,1909f56bfc062723c751e8b465ee728b)
Start importing Assets/Scenes/NewBrush.brush using Guid(8452608e1362d1547b81d6c9cd72391e) Importer(815301076,1909f56bfc062723c751e8b465ee728b)  -> (artifact id: 'b8ef9378dc7ee674157dd7b1e6fedef5') in 0.020064 seconds 
  Import took 0.023721 seconds .

========================================================================
Received Import Request.
  Time since last request: 62.855307 seconds.
  path: Assets/Scenes/NewLayer 1.terrainlayer
  artifactKey: Guid(57d2688101b630d439585913fe0b7d81) Importer(815301076,1909f56bfc062723c751e8b465ee728b)
Start importing Assets/Scenes/NewLayer 1.terrainlayer using Guid(57d2688101b630d439585913fe0b7d81) Importer(815301076,1909f56bfc062723c751e8b465ee728b)  -> (artifact id: '57b27384c5a2091b6ca0c7fe4a503cfd') in 0.012957 seconds 
  Import took 0.016311 seconds .

========================================================================
Received Import Request.
  Time since last request: 0.000339 seconds.
  path: Assets/Terrain Assets/Textures/NewLayer 5.terrainlayer
  artifactKey: Guid(aa5951bac3bc69b46896597c11dbb779) Importer(815301076,1909f56bfc062723c751e8b465ee728b)
Start importing Assets/Terrain Assets/Textures/NewLayer 5.terrainlayer using Guid(aa5951bac3bc69b46896597c11dbb779) Importer(815301076,1909f56bfc062723c751e8b465ee728b)  -> (artifact id: '4ede6d64febfb9ae0d911f2a7ad60e70') in 0.019092 seconds 
  Import took 0.022910 seconds .

========================================================================
Received Import Request.
  Time since last request: 290.729140 seconds.
  path: Assets/Standard Assets/Environment/Water/Water4/Materials/Water4Advanced.mat
  artifactKey: Guid(a5f2339f242f6cc41a982ec55ea3c201) Importer(815301076,1909f56bfc062723c751e8b465ee728b)
Start importing Assets/Standard Assets/Environment/Water/Water4/Materials/Water4Advanced.mat using Guid(a5f2339f242f6cc41a982ec55ea3c201) Importer(815301076,1909f56bfc062723c751e8b465ee728b)  -> (artifact id: '8dae1698c410676368b2a5e27a07f0f5') in 0.100655 seconds 
  Import took 0.104697 seconds .

========================================================================
Received Import Request.
  Time since last request: 322.686620 seconds.
  path: Assets/New Terrain 1.asset
  artifactKey: Guid(39441e03f87825a4e9cabc0cf6b3e695) Importer(815301076,1909f56bfc062723c751e8b465ee728b)
Start importing Assets/New Terrain 1.asset using Guid(39441e03f87825a4e9cabc0cf6b3e695) Importer(815301076,1909f56bfc062723c751e8b465ee728b)  -> (artifact id: '7be8ff0731b5cd264f42b24a414a5720') in 0.029435 seconds 
  Import took 0.032946 seconds .

========================================================================
Received Import Request.
  Time since last request: 0.000289 seconds.
  path: Assets/New Terrain 2.asset
  artifactKey: Guid(79979a20f65d9c54bac71131e805f21a) Importer(815301076,1909f56bfc062723c751e8b465ee728b)
Start importing Assets/New Terrain 2.asset using Guid(79979a20f65d9c54bac71131e805f21a) Importer(815301076,1909f56bfc062723c751e8b465ee728b)  -> (artifact id: 'b89c3d9682d85518738d33c3004b38dd') in 0.019278 seconds 
  Import took 0.023141 seconds .

========================================================================
Received Prepare
Registering precompiled user dll's ...
Registered in 0.004813 seconds.
Begin MonoManager ReloadAssembly
Native extension for WindowsStandalone target not found
Refreshing native plugins compatible for Editor in 0.43 ms, found 2 plugins.
Preloading 0 native plugins for Editor in 0.00 ms.
Mono: successfully reloaded assembly
- Completed reload, in  1.457 seconds
Domain Reload Profiling:
	ReloadAssembly (1458ms)
		BeginReloadAssembly (150ms)
			ExecutionOrderSort (0ms)
			DisableScriptedObjects (6ms)
			BackupInstance (0ms)
			ReleaseScriptingObjects (0ms)
			CreateAndSetChildDomain (44ms)
		EndReloadAssembly (1199ms)
			LoadAssemblies (130ms)
			RebuildTransferFunctionScriptingTraits (0ms)
			SetupTypeCache (417ms)
			ReleaseScriptCaches (1ms)
			RebuildScriptCaches (52ms)
			SetupLoadedEditorAssemblies (432ms)
				LogAssemblyErrors (0ms)
				InitializePlatformSupportModulesInManaged (8ms)
				SetLoadedEditorAssemblies (1ms)
				RefreshPlugins (1ms)
				BeforeProcessingInitializeOnLoad (129ms)
				ProcessInitializeOnLoadAttributes (275ms)
				ProcessInitializeOnLoadMethodAttributes (7ms)
				AfterProcessingInitializeOnLoad (12ms)
				EditorAssembliesLoaded (0ms)
			ExecutionOrderSort2 (0ms)
			AwakeInstancesAfterBackupRestoration (10ms)
Platform modules already initialized, skipping
Refreshing native plugins compatible for Editor in 0.80 ms, found 2 plugins.
Preloading 0 native plugins for Editor in 0.00 ms.
Unloading 1499 Unused Serialized files (Serialized files now loaded: 0)
System memory in use before: 98.2 MB.
System memory in use after: 98.0 MB.

Unloading 13 unused Assets to reduce memory usage. Loaded Objects now: 2041.
Total: 4.168900 ms (FindLiveObjects: 0.219100 ms CreateObjectMapping: 0.046500 ms MarkObjects: 3.483700 ms  DeleteObjects: 0.417900 ms)

AssetImportParameters requested are different than current active one (requested -> active):
  custom:framework-win-MediaFoundation: 216162199b28c13a410421893ffa2e32 -> 
  custom:video-decoder-ogg-theora: a1e56fd34408186e4bbccfd4996cb3dc -> 
  custom:container-muxer-webm: aa71ff27fc2769a1b78a27578f13a17b -> 
  custom:container-demuxer-webm: 4f35f7cbe854078d1ac9338744f61a02 -> 
  custom:container-demuxer-ogg: 62fdf1f143b41e24485cea50d1cbac27 -> 
  custom:video-encoder-webm-vp8: eb34c28f22e8b96e1ab97ce403110664 -> 
  custom:video-decoder-webm-vp8: 9c59270c3fd7afecdb556c50c9e8de78 -> 
  custom:audio-decoder-ogg-vorbis: bf7c407c2cedff20999df2af8eb42d56 -> 
  custom:audio-encoder-webm-vorbis: bf7c407c2cedff20999df2af8eb42d56 -> 
========================================================================
Received Import Request.
  Time since last request: 118.236812 seconds.
  path: Assets/Materials/NewLayer.terrainlayer
  artifactKey: Guid(79767d8116a16e34bb3088fb811ef720) Importer(815301076,1909f56bfc062723c751e8b465ee728b)
Start importing Assets/Materials/NewLayer.terrainlayer using Guid(79767d8116a16e34bb3088fb811ef720) Importer(815301076,1909f56bfc062723c751e8b465ee728b)  -> (artifact id: 'cecd89a996169e8c3e6914dd67b504af') in 0.075413 seconds 
  Import took 0.078864 seconds .

========================================================================
Received Import Request.
  Time since last request: 12.168683 seconds.
  path: Assets/Materials/New Material 7.mat
  artifactKey: Guid(e3f8866eb9c738740b0ad793d69fef3a) Importer(815301076,1909f56bfc062723c751e8b465ee728b)
Start importing Assets/Materials/New Material 7.mat using Guid(e3f8866eb9c738740b0ad793d69fef3a) Importer(815301076,1909f56bfc062723c751e8b465ee728b)  -> (artifact id: '42f36eac676419212f3a5700f565a570') in 0.094519 seconds 
  Import took 0.098202 seconds .

========================================================================
Received Import Request.
  Time since last request: 34.816345 seconds.
  path: Assets/Materials/Anotação 2022-03-10 193247.png
  artifactKey: Guid(fbff26779d1a1fb4198b0250753ca78a) Importer(815301076,1909f56bfc062723c751e8b465ee728b)
Start importing Assets/Materials/Anotação 2022-03-10 193247.png using Guid(fbff26779d1a1fb4198b0250753ca78a) Importer(815301076,1909f56bfc062723c751e8b465ee728b)  -> (artifact id: 'bd23773d4e6368865586efea74fd44c8') in 0.129183 seconds 
  Import took 0.132571 seconds .

========================================================================
Received Prepare
Registering precompiled user dll's ...
Registered in 0.004702 seconds.
Begin MonoManager ReloadAssembly
Native extension for WindowsStandalone target not found
Refreshing native plugins compatible for Editor in 0.49 ms, found 2 plugins.
Preloading 0 native plugins for Editor in 0.00 ms.
Mono: successfully reloaded assembly
- Completed reload, in  1.391 seconds
Domain Reload Profiling:
	ReloadAssembly (1392ms)
		BeginReloadAssembly (161ms)
			ExecutionOrderSort (0ms)
			DisableScriptedObjects (6ms)
			BackupInstance (0ms)
			ReleaseScriptingObjects (0ms)
			CreateAndSetChildDomain (46ms)
		EndReloadAssembly (1128ms)
			LoadAssemblies (118ms)
			RebuildTransferFunctionScriptingTraits (0ms)
			SetupTypeCache (402ms)
			ReleaseScriptCaches (1ms)
			RebuildScriptCaches (50ms)
			SetupLoadedEditorAssemblies (422ms)
				LogAssemblyErrors (0ms)
				InitializePlatformSupportModulesInManaged (7ms)
				SetLoadedEditorAssemblies (1ms)
				RefreshPlugins (1ms)
				BeforeProcessingInitializeOnLoad (112ms)
				ProcessInitializeOnLoadAttributes (287ms)
				ProcessInitializeOnLoadMethodAttributes (5ms)
				AfterProcessingInitializeOnLoad (9ms)
				EditorAssembliesLoaded (0ms)
			ExecutionOrderSort2 (0ms)
			AwakeInstancesAfterBackupRestoration (9ms)
Platform modules already initialized, skipping
Refreshing native plugins compatible for Editor in 0.72 ms, found 2 plugins.
Preloading 0 native plugins for Editor in 0.00 ms.
Unloading 1499 Unused Serialized files (Serialized files now loaded: 0)
System memory in use before: 98.5 MB.
System memory in use after: 98.2 MB.

Unloading 13 unused Assets to reduce memory usage. Loaded Objects now: 2046.
Total: 4.685200 ms (FindLiveObjects: 0.228400 ms CreateObjectMapping: 0.045900 ms MarkObjects: 3.773400 ms  DeleteObjects: 0.634900 ms)

AssetImportParameters requested are different than current active one (requested -> active):
  custom:framework-win-MediaFoundation: 216162199b28c13a410421893ffa2e32 -> 
  custom:video-decoder-ogg-theora: a1e56fd34408186e4bbccfd4996cb3dc -> 
  custom:container-muxer-webm: aa71ff27fc2769a1b78a27578f13a17b -> 
  custom:container-demuxer-webm: 4f35f7cbe854078d1ac9338744f61a02 -> 
  custom:container-demuxer-ogg: 62fdf1f143b41e24485cea50d1cbac27 -> 
  custom:video-encoder-webm-vp8: eb34c28f22e8b96e1ab97ce403110664 -> 
  custom:video-decoder-webm-vp8: 9c59270c3fd7afecdb556c50c9e8de78 -> 
  custom:audio-decoder-ogg-vorbis: bf7c407c2cedff20999df2af8eb42d56 -> 
  custom:audio-encoder-webm-vorbis: bf7c407c2cedff20999df2af8eb42d56 -> 
========================================================================
Received Import Request.
  Time since last request: 446.143314 seconds.
  path: Assets/Materials/New Material 7.mat
  artifactKey: Guid(e3f8866eb9c738740b0ad793d69fef3a) Importer(815301076,1909f56bfc062723c751e8b465ee728b)
Start importing Assets/Materials/New Material 7.mat using Guid(e3f8866eb9c738740b0ad793d69fef3a) Importer(815301076,1909f56bfc062723c751e8b465ee728b)  -> (artifact id: '251ea80ed5430dd0925efe78428adfef') in 0.092342 seconds 
  Import took 0.095880 seconds .

========================================================================
Received Prepare
Registering precompiled user dll's ...
Registered in 0.004518 seconds.
Begin MonoManager ReloadAssembly
Native extension for WindowsStandalone target not found
Refreshing native plugins compatible for Editor in 0.85 ms, found 2 plugins.
Preloading 0 native plugins for Editor in 0.00 ms.
Mono: successfully reloaded assembly
- Completed reload, in  2.026 seconds
Domain Reload Profiling:
	ReloadAssembly (2027ms)
		BeginReloadAssembly (198ms)
			ExecutionOrderSort (0ms)
			DisableScriptedObjects (9ms)
			BackupInstance (0ms)
			ReleaseScriptingObjects (0ms)
			CreateAndSetChildDomain (67ms)
		EndReloadAssembly (1684ms)
			LoadAssemblies (180ms)
			RebuildTransferFunctionScriptingTraits (0ms)
			SetupTypeCache (599ms)
			ReleaseScriptCaches (7ms)
			RebuildScriptCaches (88ms)
			SetupLoadedEditorAssemblies (603ms)
				LogAssemblyErrors (0ms)
				InitializePlatformSupportModulesInManaged (11ms)
				SetLoadedEditorAssemblies (1ms)
				RefreshPlugins (1ms)
				BeforeProcessingInitializeOnLoad (153ms)
				ProcessInitializeOnLoadAttributes (416ms)
				ProcessInitializeOnLoadMethodAttributes (7ms)
				AfterProcessingInitializeOnLoad (15ms)
				EditorAssembliesLoaded (0ms)
			ExecutionOrderSort2 (0ms)
			AwakeInstancesAfterBackupRestoration (13ms)
Platform modules already initialized, skipping
Refreshing native plugins compatible for Editor in 0.93 ms, found 2 plugins.
Preloading 0 native plugins for Editor in 0.00 ms.
Unloading 1499 Unused Serialized files (Serialized files now loaded: 0)
System memory in use before: 98.5 MB.
System memory in use after: 98.2 MB.

Unloading 13 unused Assets to reduce memory usage. Loaded Objects now: 2049.
Total: 7.299000 ms (FindLiveObjects: 0.290400 ms CreateObjectMapping: 0.189100 ms MarkObjects: 6.070800 ms  DeleteObjects: 0.746200 ms)

AssetImportParameters requested are different than current active one (requested -> active):
  custom:framework-win-MediaFoundation: 216162199b28c13a410421893ffa2e32 -> 
  custom:video-decoder-ogg-theora: a1e56fd34408186e4bbccfd4996cb3dc -> 
  custom:container-muxer-webm: aa71ff27fc2769a1b78a27578f13a17b -> 
  custom:container-demuxer-webm: 4f35f7cbe854078d1ac9338744f61a02 -> 
  custom:container-demuxer-ogg: 62fdf1f143b41e24485cea50d1cbac27 -> 
  custom:video-encoder-webm-vp8: eb34c28f22e8b96e1ab97ce403110664 -> 
  custom:video-decoder-webm-vp8: 9c59270c3fd7afecdb556c50c9e8de78 -> 
  custom:audio-decoder-ogg-vorbis: bf7c407c2cedff20999df2af8eb42d56 -> 
  custom:audio-encoder-webm-vorbis: bf7c407c2cedff20999df2af8eb42d56 -> 
========================================================================
Received Import Request.
  Time since last request: 431.651259 seconds.
  path: Assets/Scenes/Aulacenario.unity
  artifactKey: Guid(c11b323710e6baf47b7ef5b0172900ed) Importer(815301076,1909f56bfc062723c751e8b465ee728b)
Start importing Assets/Scenes/Aulacenario.unity using Guid(c11b323710e6baf47b7ef5b0172900ed) Importer(815301076,1909f56bfc062723c751e8b465ee728b)  -> (artifact id: '990d7923845c174553210a90f3c19582') in 0.024943 seconds 
  Import took 0.028817 seconds .

========================================================================
Received Import Request.
  Time since last request: 15.813078 seconds.
  path: Assets/GalaxyBox1/Skybox2
  artifactKey: Guid(d3bdd48066ef8f240b0bdd62102dcb70) Importer(815301076,1909f56bfc062723c751e8b465ee728b)
Start importing Assets/GalaxyBox1/Skybox2 using Guid(d3bdd48066ef8f240b0bdd62102dcb70) Importer(815301076,1909f56bfc062723c751e8b465ee728b)  -> (artifact id: '20cd9ba09346acd56f3254d5152918b5') in 0.012036 seconds 
  Import took 0.016405 seconds .

========================================================================
Received Import Request.
  Time since last request: 0.046136 seconds.
  path: Assets/GalaxyBox1/Skybox2
  artifactKey: Guid(d3bdd48066ef8f240b0bdd62102dcb70) Importer(815301076,1909f56bfc062723c751e8b465ee728b)
Start importing Assets/GalaxyBox1/Skybox2 using Guid(d3bdd48066ef8f240b0bdd62102dcb70) Importer(815301076,1909f56bfc062723c751e8b465ee728b)  -> (artifact id: '20cd9ba09346acd56f3254d5152918b5') in 0.005071 seconds 
  Import took 0.008882 seconds .

========================================================================
Received Import Request.
  Time since last request: 1.328368 seconds.
  path: Assets/GalaxyBox1/Skybox2/textures
  artifactKey: Guid(5a1452454f438d044b83b77eab9c7e0b) Importer(815301076,1909f56bfc062723c751e8b465ee728b)
Start importing Assets/GalaxyBox1/Skybox2/textures using Guid(5a1452454f438d044b83b77eab9c7e0b) Importer(815301076,1909f56bfc062723c751e8b465ee728b)  -> (artifact id: '3185a08622b541d61724466cde943b4b') in 0.012880 seconds 
  Import took 0.017062 seconds .

========================================================================
Received Import Request.
  Time since last request: 0.021457 seconds.
  path: Assets/GalaxyBox1/Skybox2/textures
  artifactKey: Guid(5a1452454f438d044b83b77eab9c7e0b) Importer(815301076,1909f56bfc062723c751e8b465ee728b)
Start importing Assets/GalaxyBox1/Skybox2/textures using Guid(5a1452454f438d044b83b77eab9c7e0b) Importer(815301076,1909f56bfc062723c751e8b465ee728b)  -> (artifact id: '3185a08622b541d61724466cde943b4b') in 0.004298 seconds 
  Import took 0.008282 seconds .

========================================================================
Received Import Request.
  Time since last request: 0.401917 seconds.
  path: Assets/GalaxyBox1/Skybox2/Resources
  artifactKey: Guid(2088e01faea91dd478c116384b33ec94) Importer(815301076,1909f56bfc062723c751e8b465ee728b)
Start importing Assets/GalaxyBox1/Skybox2/Resources using Guid(2088e01faea91dd478c116384b33ec94) Importer(815301076,1909f56bfc062723c751e8b465ee728b)  -> (artifact id: 'd299572b8f85f033800f8db848a1c75b') in 0.012577 seconds 
  Import took 0.016598 seconds .

========================================================================
Received Import Request.
  Time since last request: 0.022329 seconds.
  path: Assets/GalaxyBox1/Skybox2/Resources
  artifactKey: Guid(2088e01faea91dd478c116384b33ec94) Importer(815301076,1909f56bfc062723c751e8b465ee728b)
Start importing Assets/GalaxyBox1/Skybox2/Resources using Guid(2088e01faea91dd478c116384b33ec94) Importer(815301076,1909f56bfc062723c751e8b465ee728b)  -> (artifact id: 'd299572b8f85f033800f8db848a1c75b') in 0.004573 seconds 
  Import took 0.008561 seconds .

========================================================================
Received Import Request.
  Time since last request: 0.752438 seconds.
  path: Assets/GalaxyBox1/Skybox2/textures/skybox2Z+.png
  artifactKey: Guid(9ea18543eb3a947d4a54bab6592eee9f) Importer(815301076,1909f56bfc062723c751e8b465ee728b)
Start importing Assets/GalaxyBox1/Skybox2/textures/skybox2Z+.png using Guid(9ea18543eb3a947d4a54bab6592eee9f) Importer(815301076,1909f56bfc062723c751e8b465ee728b)  -> (artifact id: '37d1678bf0a0d8d99f92134922307de6') in 0.065273 seconds 
  Import took 0.069063 seconds .

========================================================================
Received Import Request.
  Time since last request: 0.000252 seconds.
  path: Assets/GalaxyBox1/Skybox2/textures/skybox2Y+.png
  artifactKey: Guid(4435f5b8283104abf9805f6f989c61d4) Importer(815301076,1909f56bfc062723c751e8b465ee728b)
Start importing Assets/GalaxyBox1/Skybox2/textures/skybox2Y+.png using Guid(4435f5b8283104abf9805f6f989c61d4) Importer(815301076,1909f56bfc062723c751e8b465ee728b)  -> (artifact id: 'dbef933d24a8c9ec412bd45c3b9c56d1') in 0.021409 seconds 
  Import took 0.025838 seconds .

========================================================================
Received Import Request.
  Time since last request: 0.000338 seconds.
  path: Assets/GalaxyBox1/Skybox2/textures/skybox2Z+.png
  artifactKey: Guid(9ea18543eb3a947d4a54bab6592eee9f) Importer(815301076,1909f56bfc062723c751e8b465ee728b)
Start importing Assets/GalaxyBox1/Skybox2/textures/skybox2Z+.png using Guid(9ea18543eb3a947d4a54bab6592eee9f) Importer(815301076,1909f56bfc062723c751e8b465ee728b)  -> (artifact id: '37d1678bf0a0d8d99f92134922307de6') in 0.024630 seconds 
  Import took 0.028493 seconds .

========================================================================
Received Import Request.
  Time since last request: 0.000244 seconds.
  path: Assets/GalaxyBox1/Skybox2/textures/skybox2Y-.png
  artifactKey: Guid(e036e05fbf2e54232bab1bb331047588) Importer(815301076,1909f56bfc062723c751e8b465ee728b)
Start importing Assets/GalaxyBox1/Skybox2/textures/skybox2Y-.png using Guid(e036e05fbf2e54232bab1bb331047588) Importer(815301076,1909f56bfc062723c751e8b465ee728b)  -> (artifact id: 'b4c5c2fe85a508d8e5648e7801e7668d') in 0.021885 seconds 
  Import took 0.026558 seconds .

========================================================================
Received Import Request.
  Time since last request: 0.000232 seconds.
  path: Assets/GalaxyBox1/Skybox2/textures/skybox2Z-.png
  artifactKey: Guid(bda98f15f65dd4ad18ef7456fb086408) Importer(815301076,1909f56bfc062723c751e8b465ee728b)
Start importing Assets/GalaxyBox1/Skybox2/textures/skybox2Z-.png using Guid(bda98f15f65dd4ad18ef7456fb086408) Importer(815301076,1909f56bfc062723c751e8b465ee728b)  -> (artifact id: '085df4f650187d7cd9dc238cd65a75e5') in 0.018867 seconds 
  Import took 0.022771 seconds .

========================================================================
Received Import Request.
  Time since last request: 0.000241 seconds.
  path: Assets/GalaxyBox1/Skybox2/textures/skybox2X-.png
  artifactKey: Guid(dc665851565a9412cb1faa991982ffd0) Importer(815301076,1909f56bfc062723c751e8b465ee728b)
Start importing Assets/GalaxyBox1/Skybox2/textures/skybox2X-.png using Guid(dc665851565a9412cb1faa991982ffd0) Importer(815301076,1909f56bfc062723c751e8b465ee728b)  -> (artifact id: '3a7ee342a4033f474a7e87c726ec2409') in 0.022618 seconds 
  Import took 0.026873 seconds .

========================================================================
Received Import Request.
  Time since last request: 0.000275 seconds.
  path: Assets/GalaxyBox1/Skybox2/textures/skybox2X+.png
  artifactKey: Guid(9731d924c0c8c45169d035521a0f132e) Importer(815301076,1909f56bfc062723c751e8b465ee728b)
Start importing Assets/GalaxyBox1/Skybox2/textures/skybox2X+.png using Guid(9731d924c0c8c45169d035521a0f132e) Importer(815301076,1909f56bfc062723c751e8b465ee728b)  -> (artifact id: '2bb4b545dd9c7c629b97bdbb1186df7a') in 0.018733 seconds 
  Import took 0.022193 seconds .

========================================================================
Received Import Request.
  Time since last request: 27.177966 seconds.
  path: Assets/Standard Assets/Environment/Water/Water4/Materials/Water4Simple.mat
  artifactKey: Guid(656fde119942645aa8e062e04c119aa1) Importer(815301076,1909f56bfc062723c751e8b465ee728b)
Start importing Assets/Standard Assets/Environment/Water/Water4/Materials/Water4Simple.mat using Guid(656fde119942645aa8e062e04c119aa1) Importer(815301076,1909f56bfc062723c751e8b465ee728b)  -> (artifact id: '878ff137203917d387925b4570bc4eb9') in 0.086722 seconds 
  Import took 0.090597 seconds .

========================================================================
Received Import Request.
  Time since last request: 0.037530 seconds.
  path: Assets/Standard Assets/Environment/Water/Water4/Materials/Water4Simple.mat
  artifactKey: Guid(656fde119942645aa8e062e04c119aa1) Importer(815301076,1909f56bfc062723c751e8b465ee728b)
Start importing Assets/Standard Assets/Environment/Water/Water4/Materials/Water4Simple.mat using Guid(656fde119942645aa8e062e04c119aa1) Importer(815301076,1909f56bfc062723c751e8b465ee728b)  -> (artifact id: '878ff137203917d387925b4570bc4eb9') in 0.015009 seconds 
  Import took 0.018341 seconds .

========================================================================
Received Import Request.
  Time since last request: 0.820579 seconds.
  path: Assets/Materials/Materials/Speed_JE3_BE2.mat
  artifactKey: Guid(ce1476c42e04f2643b552af59ba1b669) Importer(815301076,1909f56bfc062723c751e8b465ee728b)
Start importing Assets/Materials/Materials/Speed_JE3_BE2.mat using Guid(ce1476c42e04f2643b552af59ba1b669) Importer(815301076,1909f56bfc062723c751e8b465ee728b)  -> (artifact id: '1d0c75372923bc71f571b70a2d337da1') in 0.027926 seconds 
  Import took 0.032773 seconds .

========================================================================
Received Import Request.
  Time since last request: 0.033942 seconds.
  path: Assets/Materials/Materials/Speed_JE3_BE2.mat
  artifactKey: Guid(ce1476c42e04f2643b552af59ba1b669) Importer(815301076,1909f56bfc062723c751e8b465ee728b)
Start importing Assets/Materials/Materials/Speed_JE3_BE2.mat using Guid(ce1476c42e04f2643b552af59ba1b669) Importer(815301076,1909f56bfc062723c751e8b465ee728b)  -> (artifact id: '1d0c75372923bc71f571b70a2d337da1') in 0.020131 seconds 
  Import took 0.026315 seconds .

========================================================================
Received Prepare
Registering precompiled user dll's ...
Registered in 0.003742 seconds.
Begin MonoManager ReloadAssembly
Native extension for WindowsStandalone target not found
Refreshing native plugins compatible for Editor in 0.51 ms, found 2 plugins.
Preloading 0 native plugins for Editor in 0.00 ms.
Mono: successfully reloaded assembly
- Completed reload, in  1.551 seconds
Domain Reload Profiling:
	ReloadAssembly (1551ms)
		BeginReloadAssembly (139ms)
			ExecutionOrderSort (0ms)
			DisableScriptedObjects (5ms)
			BackupInstance (0ms)
			ReleaseScriptingObjects (0ms)
			CreateAndSetChildDomain (39ms)
		EndReloadAssembly (1294ms)
			LoadAssemblies (118ms)
			RebuildTransferFunctionScriptingTraits (0ms)
			SetupTypeCache (439ms)
			ReleaseScriptCaches (1ms)
			RebuildScriptCaches (67ms)
			SetupLoadedEditorAssemblies (482ms)
				LogAssemblyErrors (0ms)
				InitializePlatformSupportModulesInManaged (10ms)
				SetLoadedEditorAssemblies (1ms)
				RefreshPlugins (1ms)
				BeforeProcessingInitializeOnLoad (121ms)
				ProcessInitializeOnLoadAttributes (330ms)
				ProcessInitializeOnLoadMethodAttributes (7ms)
				AfterProcessingInitializeOnLoad (11ms)
				EditorAssembliesLoaded (1ms)
			ExecutionOrderSort2 (0ms)
			AwakeInstancesAfterBackupRestoration (13ms)
Platform modules already initialized, skipping
Refreshing native plugins compatible for Editor in 0.48 ms, found 2 plugins.
Preloading 0 native plugins for Editor in 0.00 ms.
Unloading 1499 Unused Serialized files (Serialized files now loaded: 0)
System memory in use before: 98.5 MB.
System memory in use after: 98.3 MB.

Unloading 13 unused Assets to reduce memory usage. Loaded Objects now: 2052.
Total: 3.765500 ms (FindLiveObjects: 0.193000 ms CreateObjectMapping: 0.039000 ms MarkObjects: 3.099500 ms  DeleteObjects: 0.432200 ms)

AssetImportParameters requested are different than current active one (requested -> active):
  custom:framework-win-MediaFoundation: 216162199b28c13a410421893ffa2e32 -> 
  custom:video-decoder-ogg-theora: a1e56fd34408186e4bbccfd4996cb3dc -> 
  custom:container-muxer-webm: aa71ff27fc2769a1b78a27578f13a17b -> 
  custom:container-demuxer-webm: 4f35f7cbe854078d1ac9338744f61a02 -> 
  custom:container-demuxer-ogg: 62fdf1f143b41e24485cea50d1cbac27 -> 
  custom:video-encoder-webm-vp8: eb34c28f22e8b96e1ab97ce403110664 -> 
  custom:video-decoder-webm-vp8: 9c59270c3fd7afecdb556c50c9e8de78 -> 
  custom:audio-decoder-ogg-vorbis: bf7c407c2cedff20999df2af8eb42d56 -> 
  custom:audio-encoder-webm-vorbis: bf7c407c2cedff20999df2af8eb42d56 -> 
========================================================================
Received Import Request.
  Time since last request: 8.760952 seconds.
  path: Assets/Materials/Materials/minecraft texturas classicas - 12.mat
  artifactKey: Guid(1cd717e4da45d20419a543924d819342) Importer(815301076,1909f56bfc062723c751e8b465ee728b)
Start importing Assets/Materials/Materials/minecraft texturas classicas - 12.mat using Guid(1cd717e4da45d20419a543924d819342) Importer(815301076,1909f56bfc062723c751e8b465ee728b)  -> (artifact id: 'd10094ae64f6b8f03f0403ad28420348') in 0.094230 seconds 
  Import took 0.097732 seconds .

========================================================================
Received Prepare
Registering precompiled user dll's ...
Registered in 0.006244 seconds.
Begin MonoManager ReloadAssembly
Native extension for WindowsStandalone target not found
Refreshing native plugins compatible for Editor in 0.65 ms, found 2 plugins.
Preloading 0 native plugins for Editor in 0.00 ms.
Mono: successfully reloaded assembly
- Completed reload, in  1.909 seconds
Domain Reload Profiling:
	ReloadAssembly (1909ms)
		BeginReloadAssembly (203ms)
			ExecutionOrderSort (0ms)
			DisableScriptedObjects (8ms)
			BackupInstance (0ms)
			ReleaseScriptingObjects (0ms)
			CreateAndSetChildDomain (53ms)
		EndReloadAssembly (1537ms)
			LoadAssemblies (187ms)
			RebuildTransferFunctionScriptingTraits (0ms)
			SetupTypeCache (537ms)
			ReleaseScriptCaches (2ms)
			RebuildScriptCaches (103ms)
			SetupLoadedEditorAssemblies (535ms)
				LogAssemblyErrors (0ms)
				InitializePlatformSupportModulesInManaged (10ms)
				SetLoadedEditorAssemblies (1ms)
				RefreshPlugins (1ms)
				BeforeProcessingInitializeOnLoad (143ms)
				ProcessInitializeOnLoadAttributes (359ms)
				ProcessInitializeOnLoadMethodAttributes (9ms)
				AfterProcessingInitializeOnLoad (12ms)
				EditorAssembliesLoaded (0ms)
			ExecutionOrderSort2 (0ms)
			AwakeInstancesAfterBackupRestoration (14ms)
Platform modules already initialized, skipping
Refreshing native plugins compatible for Editor in 0.76 ms, found 2 plugins.
Preloading 0 native plugins for Editor in 0.00 ms.
Unloading 1499 Unused Serialized files (Serialized files now loaded: 0)
System memory in use before: 98.5 MB.
System memory in use after: 98.3 MB.

Unloading 13 unused Assets to reduce memory usage. Loaded Objects now: 2055.
Total: 5.247300 ms (FindLiveObjects: 0.319400 ms CreateObjectMapping: 0.097000 ms MarkObjects: 4.268800 ms  DeleteObjects: 0.560100 ms)

AssetImportParameters requested are different than current active one (requested -> active):
  custom:framework-win-MediaFoundation: 216162199b28c13a410421893ffa2e32 -> 
  custom:video-decoder-ogg-theora: a1e56fd34408186e4bbccfd4996cb3dc -> 
  custom:container-muxer-webm: aa71ff27fc2769a1b78a27578f13a17b -> 
  custom:container-demuxer-webm: 4f35f7cbe854078d1ac9338744f61a02 -> 
  custom:container-demuxer-ogg: 62fdf1f143b41e24485cea50d1cbac27 -> 
  custom:video-encoder-webm-vp8: eb34c28f22e8b96e1ab97ce403110664 -> 
  custom:video-decoder-webm-vp8: 9c59270c3fd7afecdb556c50c9e8de78 -> 
  custom:audio-decoder-ogg-vorbis: bf7c407c2cedff20999df2af8eb42d56 -> 
  custom:audio-encoder-webm-vorbis: bf7c407c2cedff20999df2af8eb42d56 -> 
AssetImportWorkerClient::OnTransportError - code=2 error=End of file
